<?xml version="1.0" encoding="UTF-8"?>
<!-- Generated by org.testng.reporters.JUnitReportReporter -->
<testsuite hostname="DESKTOP-C2GS8GR" name="restassured.MyFirstRestAssured" tests="4" failures="0" timestamp="10 Nov 2022 08:15:17 GMT" time="14.623" errors="0">
  <testcase name="getResponsecode" time="4.019" classname="restassured.MyFirstRestAssured"/>
  <testcase name="getResponseBody" time="6.873" classname="restassured.MyFirstRestAssured"/>
  <testcase name="getResponseHeader" time="1.896" classname="restassured.MyFirstRestAssured"/>
  <testcase name="getResponseTime" time="1.835" classname="restassured.MyFirstRestAssured"/>
</testsuite> <!-- restassured.MyFirstRestAssured -->
