<?xml version="1.0" encoding="UTF-8"?>
<!-- Generated by org.testng.reporters.JUnitReportReporter -->
<testsuite hostname="DESKTOP-C2GS8GR" name="restassured.MyFirstRestAssured" tests="2" failures="0" timestamp="24 Aug 2022 09:09:41 GMT" time="4.112" errors="0">
  <testcase name="postrequest" time="0.308" classname="restassured.MyFirstRestAssured"/>
  <testcase name="getweatherdetails" time="3.804" classname="restassured.MyFirstRestAssured"/>
</testsuite> <!-- restassured.MyFirstRestAssured -->
