<?xml version="1.0" encoding="UTF-8"?>
<!-- Generated by org.testng.reporters.JUnitReportReporter -->
<testsuite hostname="DESKTOP-C2GS8GR" name="testcase.NewTest" tests="1" failures="0" timestamp="6 Dec 2022 05:25:23 GMT" time="9.754" errors="0">
  <testcase name="tabledata" time="9.754" classname="testcase.NewTest"/>
</testsuite> <!-- testcase.NewTest -->
