<?xml version="1.0" encoding="UTF-8"?>
<!-- Generated by org.testng.reporters.JUnitReportReporter -->
<testsuite hostname="DESKTOP-C2GS8GR" name="restassured.RestAssuredTescases" tests="1" failures="0" timestamp="26 Aug 2022 11:34:50 GMT" time="4.798" errors="0">
  <testcase name="postmethod" time="4.798" classname="restassured.RestAssuredTescases"/>
</testsuite> <!-- restassured.RestAssuredTescases -->
