<?xml version="1.0" encoding="UTF-8"?>
<!-- Generated by org.testng.reporters.JUnitReportReporter -->
<testsuite hostname="DESKTOP-C2GS8GR" name="org.test.LoginTest" tests="1" failures="0" timestamp="7 Mar 2023 10:42:23 GMT" time="110.103" errors="0">
  <testcase name="login" time="110.103" classname="org.test.LoginTest"/>
</testsuite> <!-- org.test.LoginTest -->
